# JRE version: OpenJDK Runtime Environment (11.0.13) (build 11.0.13+0-b1751.21-8125866)
# Java VM: OpenJDK 64-Bit Server VM (11.0.13+0-b1751.21-8125866, mixed mode, tiered, compressed oops, g1 gc, windows-amd64)
Heap:
 garbage-first heap   total 358400K, used 190362K [0x0000000080000000, 0x0000000100000000)
  region size 1024K, 12 young (12288K), 11 survivors (11264K)
 Metaspace       used 146944K, capacity 151935K, committed 153368K, reserved 1183744K
  class space    used 17668K, capacity 19474K, committed 19840K, reserved 1048576K
GC Heap History (20 events):
Event: 2840.469 GC heap before
{Heap before GC invocations=212 (full 0):
 garbage-first heap   total 358400K, used 216975K [0x0000000080000000, 0x0000000100000000)
  region size 1024K, 35 young (35840K), 2 survivors (2048K)
 Metaspace       used 147050K, capacity 152466K, committed 152600K, reserved 1181696K
  class space    used 17817K, capacity 19736K, committed 19840K, reserved 1048576K
}
Event: 2840.475 GC heap after
{Heap after GC invocations=213 (full 0):
 garbage-first heap   total 358400K, used 185410K [0x0000000080000000, 0x0000000100000000)
  region size 1024K, 2 young (2048K), 2 survivors (2048K)
 Metaspace       used 147050K, capacity 152466K, committed 152600K, reserved 1181696K
  class space    used 17817K, capacity 19736K, committed 19840K, reserved 1048576K
}
Event: 2885.143 GC heap before
{Heap before GC invocations=214 (full 0):
 garbage-first heap   total 358400K, used 313410K [0x0000000080000000, 0x0000000100000000)
  region size 1024K, 113 young (115712K), 2 survivors (2048K)
 Metaspace       used 147340K, capacity 152815K, committed 153112K, reserved 1183744K
  class space    used 17821K, capacity 19745K, committed 19840K, reserved 1048576K
}
Event: 2885.153 GC heap after
{Heap after GC invocations=215 (full 0):
 garbage-first heap   total 358400K, used 197741K [0x0000000080000000, 0x0000000100000000)
  region size 1024K, 12 young (12288K), 12 survivors (12288K)
 Metaspace       used 147340K, capacity 152815K, committed 153112K, reserved 1183744K
  class space    used 17821K, capacity 19745K, committed 19840K, reserved 1048576K
}
Event: 2885.167 GC heap before
{Heap before GC invocations=215 (full 0):
 garbage-first heap   total 358400K, used 202861K [0x0000000080000000, 0x0000000100000000)
  region size 1024K, 17 young (17408K), 12 survivors (12288K)
 Metaspace       used 147340K, capacity 152815K, committed 153112K, reserved 1183744K
  class space    used 17821K, capacity 19745K, committed 19840K, reserved 1048576K
}
Event: 2885.177 GC heap after
{Heap after GC invocations=216 (full 0):
 garbage-first heap   total 358400K, used 199001K [0x0000000080000000, 0x0000000100000000)
  region size 1024K, 2 young (2048K), 2 survivors (2048K)
 Metaspace       used 147340K, capacity 152815K, committed 153112K, reserved 1183744K
  class space    used 17821K, capacity 19745K, committed 19840K, reserved 1048576K
}
Event: 2885.418 GC heap before
{Heap before GC invocations=216 (full 0):
 garbage-first heap   total 358400K, used 237913K [0x0000000080000000, 0x0000000100000000)
  region size 1024K, 42 young (43008K), 2 survivors (2048K)
 Metaspace       used 147410K, capacity 152824K, committed 153112K, reserved 1183744K
  class space    used 17821K, capacity 19745K, committed 19840K, reserved 1048576K
}
Event: 2885.427 GC heap after
{Heap after GC invocations=217 (full 0):
 garbage-first heap   total 358400K, used 202539K [0x0000000080000000, 0x0000000100000000)
  region size 1024K, 6 young (6144K), 6 survivors (6144K)
 Metaspace       used 147410K, capacity 152824K, committed 153112K, reserved 1183744K
  class space    used 17821K, capacity 19745K, committed 19840K, reserved 1048576K
}
Event: 6558.074 GC heap before
{Heap before GC invocations=218 (full 0):
 garbage-first heap   total 358400K, used 285483K [0x0000000080000000, 0x0000000100000000)
  region size 1024K, 78 young (79872K), 6 survivors (6144K)
 Metaspace       used 147434K, capacity 152825K, committed 153112K, reserved 1183744K
  class space    used 17821K, capacity 19745K, committed 19840K, reserved 1048576K
}
Event: 6558.197 GC heap after
{Heap after GC invocations=219 (full 0):
 garbage-first heap   total 358400K, used 200952K [0x0000000080000000, 0x0000000100000000)
  region size 1024K, 4 young (4096K), 4 survivors (4096K)
 Metaspace       used 147434K, capacity 152825K, committed 153112K, reserved 1183744K
  class space    used 17821K, capacity 19745K, committed 19840K, reserved 1048576K
}
Event: 7291.585 GC heap before
{Heap before GC invocations=219 (full 0):
 garbage-first heap   total 358400K, used 214264K [0x0000000080000000, 0x0000000100000000)
  region size 1024K, 17 young (17408K), 4 survivors (4096K)
 Metaspace       used 147434K, capacity 152825K, committed 153112K, reserved 1183744K
  class space    used 17821K, capacity 19745K, committed 19840K, reserved 1048576K
}
Event: 7291.760 GC heap after
{Heap after GC invocations=220 (full 0):
 garbage-first heap   total 358400K, used 182231K [0x0000000080000000, 0x0000000100000000)
  region size 1024K, 1 young (1024K), 1 survivors (1024K)
 Metaspace       used 147434K, capacity 152825K, committed 153112K, reserved 1183744K
  class space    used 17821K, capacity 19745K, committed 19840K, reserved 1048576K
}
Event: 8823.677 GC heap before
{Heap before GC invocations=220 (full 0):
 garbage-first heap   total 358400K, used 251863K [0x0000000080000000, 0x0000000100000000)
  region size 1024K, 71 young (72704K), 1 survivors (1024K)
 Metaspace       used 147502K, capacity 153021K, committed 153368K, reserved 1183744K
  class space    used 17821K, capacity 19745K, committed 19840K, reserved 1048576K
}
Event: 8823.715 GC heap after
{Heap after GC invocations=221 (full 0):
 garbage-first heap   total 358400K, used 186950K [0x0000000080000000, 0x0000000100000000)
  region size 1024K, 6 young (6144K), 6 survivors (6144K)
 Metaspace       used 147502K, capacity 153021K, committed 153368K, reserved 1183744K
  class space    used 17821K, capacity 19745K, committed 19840K, reserved 1048576K
}
Event: 8827.667 GC heap before
{Heap before GC invocations=222 (full 0):
 garbage-first heap   total 358400K, used 298566K [0x0000000080000000, 0x0000000100000000)
  region size 1024K, 97 young (99328K), 6 survivors (6144K)
 Metaspace       used 146681K, capacity 151666K, committed 153368K, reserved 1183744K
  class space    used 17662K, capacity 19464K, committed 19840K, reserved 1048576K
}
Event: 8827.735 GC heap after
{Heap after GC invocations=223 (full 0):
 garbage-first heap   total 358400K, used 194014K [0x0000000080000000, 0x0000000100000000)
  region size 1024K, 12 young (12288K), 12 survivors (12288K)
 Metaspace       used 146681K, capacity 151666K, committed 153368K, reserved 1183744K
  class space    used 17662K, capacity 19464K, committed 19840K, reserved 1048576K
}
Event: 8827.744 GC heap before
{Heap before GC invocations=223 (full 0):
 garbage-first heap   total 358400K, used 198110K [0x0000000080000000, 0x0000000100000000)
  region size 1024K, 17 young (17408K), 12 survivors (12288K)
 Metaspace       used 146681K, capacity 151666K, committed 153368K, reserved 1183744K
  class space    used 17662K, capacity 19464K, committed 19840K, reserved 1048576K
}
Event: 8827.843 GC heap after
{Heap after GC invocations=224 (full 0):
 garbage-first heap   total 358400K, used 178486K [0x0000000080000000, 0x0000000100000000)
  region size 1024K, 1 young (1024K), 1 survivors (1024K)
 Metaspace       used 146681K, capacity 151666K, committed 153368K, reserved 1183744K
  class space    used 17662K, capacity 19464K, committed 19840K, reserved 1048576K
}
Event: 8828.118 GC heap before
{Heap before GC invocations=224 (full 0):
 garbage-first heap   total 358400K, used 209206K [0x0000000080000000, 0x0000000100000000)
  region size 1024K, 33 young (33792K), 1 survivors (1024K)
 Metaspace       used 146726K, capacity 151674K, committed 153368K, reserved 1183744K
  class space    used 17663K, capacity 19465K, committed 19840K, reserved 1048576K
}
Event: 8828.133 GC heap after
{Heap after GC invocations=225 (full 0):
 garbage-first heap   total 358400K, used 180670K [0x0000000080000000, 0x0000000100000000)
  region size 1024K, 3 young (3072K), 3 survivors (3072K)
 Metaspace       used 146726K, capacity 151674K, committed 153368K, reserved 1183744K
  class space    used 17663K, capacity 19465K, committed 19840K, reserved 1048576K
}

